\BOOKMARK [1][-]{section.1}{\376\377\000L\000a\000n\000g\000u\000a\000g\000e\000\040\000S\000t\000r\000u\000c\000t\000u\000r\000e\000\040\000K\000n\000o\000w\000l\000e\000d\000g\000e}{}% 1
\BOOKMARK [2][-]{subsection.1.1}{\376\377\000N\000a\000m\000e\000s\000\040\000a\000n\000d\000\040\000N\000o\000u\000n\000s}{section.1}% 2
\BOOKMARK [3][-]{subsubsection.1.1.1}{\376\377\000C\000a\000p\000i\000t\000a\000l\000\040\000L\000e\000t\000t\000e\000r}{subsection.1.1}% 3
\BOOKMARK [3][-]{subsubsection.1.1.2}{\376\377\000T\000i\000t\000l\000e\000s}{subsection.1.1}% 4
\BOOKMARK [3][-]{subsubsection.1.1.3}{\376\377\000C\000o\000l\000l\000e\000c\000t\000i\000v\000e\000\040\000N\000o\000u\000n\000s}{subsection.1.1}% 5
\BOOKMARK [2][-]{subsection.1.2}{\376\377\000A\000b\000s\000t\000r\000a\000c\000t\000\040\000N\000o\000u\000n\000s}{section.1}% 6
\BOOKMARK [2][-]{subsection.1.3}{\376\377\000T\000h\000e\000\040\000P\000a\000s\000s\000i\000v\000e\000\040\000F\000o\000r\000m\000\040\000\050\000N\000o\000t\000\040\000o\000n\000\040\000t\000h\000e\000\040\000T\000e\000s\000t\000!\000\051}{section.1}% 7
\BOOKMARK [2][-]{subsection.1.4}{\376\377\000I\000n\000v\000e\000r\000s\000i\000o\000n}{section.1}% 8
\BOOKMARK [2][-]{subsection.1.5}{\376\377\000A\000d\000j\000e\000c\000t\000i\000v\000e\000s\000\040\000a\000n\000d\000\040\000A\000d\000v\000e\000r\000b\000s}{section.1}% 9
\BOOKMARK [2][-]{subsection.1.6}{\376\377\000R\000e\000l\000a\000t\000i\000v\000e\000\040\000C\000l\000a\000u\000s\000e\000s}{section.1}% 10
\BOOKMARK [2][-]{subsection.1.7}{\376\377\000V\000e\000r\000b\000\040\000t\000e\000n\000s\000e\000s}{section.1}% 11
\BOOKMARK [3][-]{subsubsection.1.7.1}{\376\377\000T\000h\000e\000\040\000P\000r\000e\000s\000e\000n\000t}{subsection.1.7}% 12
\BOOKMARK [3][-]{subsubsection.1.7.2}{\376\377\000T\000h\000e\000\040\000P\000a\000s\000t}{subsection.1.7}% 13
\BOOKMARK [2][-]{subsection.1.8}{\376\377\000S\000u\000b\000j\000e\000c\000t\000\040\000V\000e\000r\000b\000\040\000A\000g\000r\000e\000e\000m\000e\000n\000t}{section.1}% 14
\BOOKMARK [2][-]{subsection.1.9}{\376\377\000R\000e\000g\000u\000l\000a\000r\000\040\000a\000n\000d\000\040\000I\000r\000r\000e\000g\000u\000l\000a\000r\000\040\000V\000e\000r\000b\000s}{section.1}% 15
\BOOKMARK [3][-]{subsubsection.1.9.1}{\376\377\000R\000e\000g\000u\000l\000a\000r\000\040\000V\000e\000r\000b\000s}{subsection.1.9}% 16
\BOOKMARK [3][-]{subsubsection.1.9.2}{\376\377\000I\000r\000r\000e\000g\000u\000l\000a\000r\000\040\000V\000e\000r\000b\000s}{subsection.1.9}% 17
\BOOKMARK [2][-]{subsection.1.10}{\376\377\000A\000p\000o\000s\000t\000r\000o\000p\000h\000e\000\040\000R\000u\000l\000e\000s}{section.1}% 18
\BOOKMARK [2][-]{subsection.1.11}{\376\377\000S\000h\000o\000r\000t\000\040\000E\000x\000p\000l\000a\000n\000a\000t\000i\000o\000n\000s\000\040\000o\000f\000\040\000P\000r\000e\000r\000e\000q\000u\000i\000s\000i\000t\000e\000s}{section.1}% 19
\BOOKMARK [3][-]{subsubsection.1.11.1}{\376\377\000P\000r\000e\000p\000o\000s\000i\000t\000i\000o\000n\000s}{subsection.1.11}% 20
\BOOKMARK [3][-]{subsubsection.1.11.2}{\376\377\000C\000o\000n\000j\000u\000n\000c\000t\000i\000o\000n\000s}{subsection.1.11}% 21
\BOOKMARK [3][-]{subsubsection.1.11.3}{\376\377\000S\000u\000b\000j\000e\000c\000t\000s\000\040\000a\000n\000d\000\040\000O\000b\000j\000e\000c\000t\000s}{subsection.1.11}% 22
\BOOKMARK [1][-]{section.2}{\376\377\000L\000i\000t\000e\000r\000a\000r\000y\000\040\000H\000i\000s\000t\000o\000r\000y}{}% 23
\BOOKMARK [1][-]{section.3}{\376\377\000N\000o\000v\000e\000l\000\040\000A\000n\000a\000l\000y\000s\000i\000s}{}% 24
\BOOKMARK [1][-]{section.4}{\376\377\000O\000p\000e\000n\000\040\000A\000p\000p\000l\000i\000c\000a\000t\000i\000o\000n}{}% 25
\BOOKMARK [1][-]{section.5}{\376\377\000L\000e\000c\000t\000u\000r\000e\000s}{}% 26
\BOOKMARK [2][-]{subsection.5.1}{\376\377\000A\000\040\000s\000u\000b\000s\000e\000t\000\040\000o\000f\000\040\000t\000h\000e\000\040\000S\000u\000b\000j\000e\000c\000t}{section.5}% 27
\BOOKMARK [3][-]{subsubsection.5.1.1}{\376\377\000L\000e\000c\000t\000u\000r\000e\000\040\0001\000:\000\040\000T\000i\000t\000l\000e\000\040\000o\000f\000\040\000t\000h\000e\000\040\000L\000e\000c\000t\000u\000r\000e}{subsection.5.1}% 28
\BOOKMARK [3][-]{subsubsection.5.1.2}{\376\377\000L\000e\000c\000t\000u\000r\000e\000\040\0002\000:\000\040\000T\000i\000t\000l\000e\000\040\000o\000f\000\040\000T\000h\000i\000s\000\040\000O\000t\000h\000e\000r\000\040\000L\000e\000c\000t\000u\000r\000e}{subsection.5.1}% 29
\BOOKMARK [2][-]{subsection.5.2}{\376\377\000A\000n\000o\000t\000h\000e\000r\000\040\000s\000u\000b\000s\000e\000t\000\040\000o\000f\000\040\000t\000h\000e\000\040\000S\000u\000b\000j\000e\000c\000t}{section.5}% 30
\BOOKMARK [3][-]{subsubsection.5.2.1}{\376\377\000L\000e\000c\000t\000u\000r\000e\000\040\0001\000:\000\040\000T\000i\000t\000l\000e\000\040\000o\000f\000\040\000t\000h\000e\000\040\000L\000e\000c\000t\000u\000r\000e}{subsection.5.2}% 31
\BOOKMARK [3][-]{subsubsection.5.2.2}{\376\377\000L\000e\000c\000t\000u\000r\000e\000\040\0002\000:\000\040\000T\000i\000t\000l\000e\000\040\000o\000f\000\040\000T\000h\000i\000s\000\040\000O\000t\000h\000e\000r\000\040\000L\000e\000c\000t\000u\000r\000e}{subsection.5.2}% 32
